<?xml version="1.0" encoding="UTF-8"?>
<!-- Generated by org.testng.reporters.JUnitReportReporter -->
<testsuite hostname="Akshay-Mahajan" failures="0" tests="1" name="com.mobile.launch_App" time="7.024" errors="0" timestamp="2025-08-03T17:41:22 IST" skipped="0">
  <testcase classname="com.mobile.launch_App" name="launchApp" time="7.024"/>
</testsuite> <!-- com.mobile.launch_App -->
