<?xml version="1.0" encoding="UTF-8"?>
<!-- Generated by org.testng.reporters.JUnitReportReporter -->
<testsuite hostname="OM-L-W10-19-03" failures="0" tests="1" name="com.testSuite.login" time="14.666" errors="0" timestamp="2025-07-24T11:45:34 IST" skipped="0">
  <testcase classname="com.testSuite.login" name="logintest" time="14.666"/>
</testsuite> <!-- com.testSuite.login -->
